ARCHEAD.H
ATTLIST.H
CKSLIB.H
CODES.H
CONVENT.H
DATES.H
RFC822.H
DIAGNOSE.H
DIRTY.H
DPP.H
EBCASC.H
ENTITY.H
EVENT.H
FIELDS.H
FILEIO.H
FILENAME.H
FNAMES.H
GGCMS.H
GIF.H
HYTXT.H
HYX.H
HYXD.H
WINDOW.H
KEYS.H
LEXICON.H
LOOKUP.H
LZHHEAD.H
MACBINAR.H
MASKED_1.H
MAUS.H
LXS.H
RTF.H
PARSE.H
PCTCPSBR.H
PCX.H
SBR.H
SGML.H
SIXEL.H
STRINGS.H
TA.H
TFB.H
TIF.H
VIDEODAT.H
VLIB.H
GGCRYPT.H
YTREE.H
ZIP.H
ZTREE.H
OBJUTILS.H
HYXDB.H
LEXUTIL.H
UNIFY.H
(DIRINF).FM
WORDCREA.H
IOA.H
SIGNATUR.H
FLOSKEL.H
VARSPACE.H
SYNCFSH.H
MSCDEX.H
OBJDEC.H
BBCH.H
DYB.H
CCTABLE.H
CCPP.H
CCSCAN.H
CCSCANR.H
TAGLST.H
CSED.H
URL.H
VIEOS.H
MAIL.H
GGTCL.H
RDTP.H
RDTP01.H
RDTP02.H
RDTP03.H
IRDB.H
LMD5.H
WILDCARD.H
ARRAY.H
STREAMS.H
DBX.H
LXS2.H
XREF.H
MSCDEX01.H
